Сборка начата 02.06.2016 23:30:34.
     1>Проект "D:\!programming\C++\vc-magic\vc-magic\vc-magic.vcxproj" в узле 2 (целевые объекты Rebuild).
     1>ClCompile:
         D:\Program Files (x86)\Microsoft Visual Studio 14.0\VC\bin\CL.exe /c /ZI /nologo /W3 /WX- /sdl /Od /Oy- /D _WINDLL /D _MBCS /Gm /EHsc /RTC1 /MDd /GS /fp:precise /Zc:wchar_t /Zc:forScope /Zc:inline /Fo"Debug\\" /Fd"Debug\vc140.pdb" /Gd /TP /analyze- /errorReport:prompt src\AbstractObject.cpp src\Actor.cpp src\ActorGroup.cpp src\ActorsClock.cpp src\Animate.cpp src\AreaRect.cpp src\Army.cpp src\Camera.cpp src\CarGenerator.cpp src\Cheats.cpp src\Checkpoint.cpp src\Debug.cpp src\Fire.cpp src\Game.cpp src\GameScripting.cpp src\Gang.cpp src\Garage.cpp src\Geom.cpp src\GXTBuilder.cpp src\GxtHook.cpp src\Marker.cpp src\MissionHook.cpp src\MissionThreads.cpp src\Model.cpp src\Object.cpp src\Phone.cpp src\Pickup.cpp src\Player.cpp src\Police.cpp src\Radio.cpp src\Rampage.cpp src\Route.cpp src\Script.cpp src\Settings.cpp src\Sound.cpp src\SpecialActor.cpp src\Sphere.cpp src\Stats.cpp src\HUD.cpp src\StructReader.cpp src\Text.cpp src\Timer.cpp src\Utils.cpp "src\vc-magic.cpp" src\ScriptClasses.cpp src\Vehicle.cpp src\Wav.cpp src\Weather.cpp src\Zone.cpp
         Zone.cpp
         Weather.cpp
         Wav.cpp
         Vehicle.cpp
         ScriptClasses.cpp
         vc-magic.cpp
         Utils.cpp
         Timer.cpp
         Text.cpp
         StructReader.cpp
         HUD.cpp
         Stats.cpp
         Sphere.cpp
         SpecialActor.cpp
         Sound.cpp
         Settings.cpp
         Script.cpp
         Route.cpp
         Rampage.cpp
         Radio.cpp
         Создание кода...
         Компиляция...
         Police.cpp
         Player.cpp
         Pickup.cpp
         Phone.cpp
         Object.cpp
         Model.cpp
         MissionThreads.cpp
         MissionHook.cpp
         Marker.cpp
         GxtHook.cpp
         GXTBuilder.cpp
         Geom.cpp
     1>d:\!programming\c++\vc-magic\vc-magic\src\geom.cpp(21): warning C4244: return: преобразование "double" в "float", возможна потеря данных
         Garage.cpp
         Gang.cpp
         GameScripting.cpp
         Game.cpp
         Fire.cpp
         Debug.cpp
         Checkpoint.cpp
         Cheats.cpp
         Создание кода...
         Компиляция...
         CarGenerator.cpp
         Camera.cpp
         Army.cpp
     1>d:\!programming\c++\vc-magic\vc-magic\src\army.cpp(69): warning C4244: инициализация: преобразование "unsigned int" в "float", возможна потеря данных
         AreaRect.cpp
         Animate.cpp
         ActorsClock.cpp
         ActorGroup.cpp
         Actor.cpp
         AbstractObject.cpp
         Создание кода...
       Link:
         D:\Program Files (x86)\Microsoft Visual Studio 14.0\VC\bin\link.exe /ERRORREPORT:PROMPT /OUT:"D:\!programming\C++\vc-magic\Debug\vc-magic.asi" /INCREMENTAL /NOLOGO kernel32.lib user32.lib gdi32.lib winspool.lib comdlg32.lib advapi32.lib shell32.lib ole32.lib oleaut32.lib uuid.lib odbc32.lib odbccp32.lib /MANIFEST /MANIFESTUAC:"level='asInvoker' uiAccess='false'" /manifest:embed /Debug /PDB:"D:\!programming\C++\vc-magic\Debug\vc-magic.pdb" /TLBID:1 /DYNAMICBASE /NXCOMPAT /IMPLIB:"D:\!programming\C++\vc-magic\Debug\vc-magic.lib" /MACHINE:X86 /DLL Debug\AbstractObject.obj
         Debug\Actor.obj
         Debug\ActorGroup.obj
         Debug\ActorsClock.obj
         Debug\Animate.obj
         Debug\AreaRect.obj
         Debug\Army.obj
         Debug\Camera.obj
         Debug\CarGenerator.obj
         Debug\Cheats.obj
         Debug\Checkpoint.obj
         Debug\Debug.obj
         Debug\Fire.obj
         Debug\Game.obj
         Debug\GameScripting.obj
         Debug\Gang.obj
         Debug\Garage.obj
         Debug\Geom.obj
         Debug\GXTBuilder.obj
         Debug\GxtHook.obj
         Debug\Marker.obj
         Debug\MissionHook.obj
         Debug\MissionThreads.obj
         Debug\Model.obj
         Debug\Object.obj
         Debug\Phone.obj
         Debug\Pickup.obj
         Debug\Player.obj
         Debug\Police.obj
         Debug\Radio.obj
         Debug\Rampage.obj
         Debug\Route.obj
         Debug\Script.obj
         Debug\Settings.obj
         Debug\Sound.obj
         Debug\SpecialActor.obj
         Debug\Sphere.obj
         Debug\Stats.obj
         Debug\HUD.obj
         Debug\StructReader.obj
         Debug\Text.obj
         Debug\Timer.obj
         Debug\Utils.obj
         "Debug\vc-magic.obj"
         Debug\ScriptClasses.obj
         Debug\Vehicle.obj
         Debug\Wav.obj
         Debug\Weather.obj
         Debug\Zone.obj
         vc-magic.vcxproj -> D:\!programming\C++\vc-magic\Debug\vc-magic.asi
       PostBuildEvent:
         copy "D:\!programming\C++\vc-magic\Debug\vc-magic.asi" "D:\Program Files (x86)\Grand Theft Auto Vice City\vc-magic.asi"
         :VCEnd
         Скопировано файлов:         1.
     1>Сборка проекта "D:\!programming\C++\vc-magic\vc-magic\vc-magic.vcxproj" завершена (целевые объекты Rebuild).

Сборка успешно завершена.

Затраченное время: 00:00:51.71
