d:\!programming\c++\vc-magic\vc-magic\debug\vc140.pdb
d:\!programming\c++\vc-magic\vc-magic\debug\vc140.idb
d:\!programming\c++\vc-magic\vc-magic\debug\player.obj
d:\!programming\c++\vc-magic\vc-magic\debug\police.obj
d:\!programming\c++\vc-magic\vc-magic\debug\radio.obj
d:\!programming\c++\vc-magic\vc-magic\debug\rampage.obj
d:\!programming\c++\vc-magic\vc-magic\debug\script.obj
d:\!programming\c++\vc-magic\vc-magic\debug\settings.obj
d:\!programming\c++\vc-magic\vc-magic\debug\sound.obj
d:\!programming\c++\vc-magic\vc-magic\debug\specialactor.obj
d:\!programming\c++\vc-magic\vc-magic\debug\sphere.obj
d:\!programming\c++\vc-magic\vc-magic\debug\stats.obj
d:\!programming\c++\vc-magic\vc-magic\debug\hud.obj
d:\!programming\c++\vc-magic\vc-magic\debug\structreader.obj
d:\!programming\c++\vc-magic\vc-magic\debug\text.obj
d:\!programming\c++\vc-magic\vc-magic\debug\timer.obj
d:\!programming\c++\vc-magic\vc-magic\debug\vc-magic.obj
d:\!programming\c++\vc-magic\vc-magic\debug\scriptclasses.obj
d:\!programming\c++\vc-magic\vc-magic\debug\vehicle.obj
d:\!programming\c++\vc-magic\vc-magic\debug\wav.obj
d:\!programming\c++\vc-magic\vc-magic\debug\weather.obj
d:\!programming\c++\vc-magic\vc-magic\debug\zone.obj
d:\!programming\c++\vc-magic\vc-magic\debug\camera.obj
d:\!programming\c++\vc-magic\vc-magic\debug\cheats.obj
d:\!programming\c++\vc-magic\vc-magic\debug\checkpoint.obj
d:\!programming\c++\vc-magic\vc-magic\debug\fire.obj
d:\!programming\c++\vc-magic\vc-magic\debug\game.obj
d:\!programming\c++\vc-magic\vc-magic\debug\gamescripting.obj
d:\!programming\c++\vc-magic\vc-magic\debug\gang.obj
d:\!programming\c++\vc-magic\vc-magic\debug\garage.obj
d:\!programming\c++\vc-magic\vc-magic\debug\gxthook.obj
d:\!programming\c++\vc-magic\vc-magic\debug\marker.obj
d:\!programming\c++\vc-magic\vc-magic\debug\missionhook.obj
d:\!programming\c++\vc-magic\vc-magic\debug\missionthreads.obj
d:\!programming\c++\vc-magic\vc-magic\debug\model.obj
d:\!programming\c++\vc-magic\vc-magic\debug\object.obj
d:\!programming\c++\vc-magic\vc-magic\debug\phone.obj
d:\!programming\c++\vc-magic\vc-magic\debug\pickup.obj
d:\!programming\c++\vc-magic\vc-magic\debug\vc-magic.tlog\cl.command.1.tlog
d:\!programming\c++\vc-magic\vc-magic\debug\vc-magic.tlog\cl.read.1.tlog
d:\!programming\c++\vc-magic\vc-magic\debug\vc-magic.tlog\cl.write.1.tlog
